c:\users\taruc\desktop\practical 6\practical 6\debug\vc141.pdb
c:\users\taruc\desktop\practical 6\practical 6\debug\vc141.idb
c:\users\taruc\desktop\practical 6\practical 6\debug\p6q1.obj
c:\users\taruc\desktop\practical 6\practical 6\debug\p6q2.obj
c:\users\taruc\desktop\practical 6\practical 6\debug\p6q3a.obj
c:\users\taruc\desktop\practical 6\practical 6\debug\p6q3b.obj
c:\users\taruc\desktop\practical 6\practical 6\debug\p6q4.obj
c:\users\taruc\desktop\practical 6\practical 6\debug\p6q5.obj
c:\users\taruc\desktop\practical 6\practical 6\debug\p6q6.obj
c:\users\taruc\desktop\practical 6\practical 6\debug\p6q7.obj
c:\users\taruc\desktop\practical 6\practical 6\debug\p6q8.obj
c:\users\taruc\desktop\practical 6\practical 6\debug\p6q9.obj
c:\users\taruc\desktop\practical 6\practical 6\debug\p6q10.obj
c:\users\taruc\desktop\practical 6\practical 6\debug\p6q11.obj
c:\users\taruc\desktop\practical 6\practical 6\debug\p6q12.obj
c:\users\taruc\desktop\practical 6\practical 6\debug\p6q12a.obj
c:\users\taruc\desktop\practical 6\debug\practical 6.pdb
c:\users\taruc\desktop\practical 6\debug\practical 6.exe
c:\users\taruc\desktop\practical 6\debug\practical 6.ilk
c:\users\taruc\desktop\practical 6\practical 6\debug\practical 6.tlog\cl.command.1.tlog
c:\users\taruc\desktop\practical 6\practical 6\debug\practical 6.tlog\cl.read.1.tlog
c:\users\taruc\desktop\practical 6\practical 6\debug\practical 6.tlog\cl.write.1.tlog
c:\users\taruc\desktop\practical 6\practical 6\debug\practical 6.tlog\link.command.1.tlog
c:\users\taruc\desktop\practical 6\practical 6\debug\practical 6.tlog\link.read.1.tlog
c:\users\taruc\desktop\practical 6\practical 6\debug\practical 6.tlog\link.write.1.tlog
